WARNING: A terminally deprecated method in sun.misc.Unsafe has been called
WARNING: sun.misc.Unsafe::staticFieldBase has been called by com.google.inject.internal.aop.HiddenClassDefiner (file:/C:/Users/abakr/.m2/wrapper/dists/apache-maven-3.9.11/03d7e36a140982eea48e22c1dcac01d8862b2550b2939e09a0809bbc5182a5bc/lib/guice-5.1.0-classes.jar)
WARNING: Please consider reporting this to the maintainers of class com.google.inject.internal.aop.HiddenClassDefiner
WARNING: sun.misc.Unsafe::staticFieldBase will be removed in a future release
[INFO] Scanning for projects...
[INFO] 
[INFO] ------------------------< com.example:backend >-------------------------
[INFO] Building Application 0.0.1-SNAPSHOT
[INFO]   from pom.xml
[INFO] --------------------------------[ jar ]---------------------------------
[INFO] 
[INFO] --- resources:3.3.1:resources (default-resources) @ backend ---
[INFO] Copying 1 resource from src\main\resources to target\classes
[INFO] Copying 0 resource from src\main\resources to target\classes
[INFO] 
[INFO] --- compiler:3.14.1:compile (default-compile) @ backend ---
[INFO] Recompiling the module because of changed source code.
[INFO] Compiling 87 source files with javac [debug parameters release 17] to target\classes
[INFO] -------------------------------------------------------------
[ERROR] COMPILATION ERROR : 
[INFO] -------------------------------------------------------------
[ERROR] /D:/Adam/projet-architecture-pfa/edupath-ms/backend/src/main/java/com/example/services/AtRiskStudentsService.java:[13,24] implicitly declared classes are not supported in -source 17
  (use -source 25 or higher to enable implicitly declared classes)
[ERROR] /D:/Adam/projet-architecture-pfa/edupath-ms/backend/src/main/java/com/example/services/AtRiskStudentsService.java:[15,19] invalid method declaration; return type required
[ERROR] /D:/Adam/projet-architecture-pfa/edupath-ms/backend/src/main/java/com/example/services/AtRiskStudentsService.java:[1,1] compact source file should not have package declaration
[INFO] 3 errors 
[INFO] -------------------------------------------------------------
[INFO] ------------------------------------------------------------------------
[INFO] BUILD FAILURE
[INFO] ------------------------------------------------------------------------
[INFO] Total time:  2.348 s
[INFO] Finished at: 2025-12-22T14:36:21+01:00
[INFO] ------------------------------------------------------------------------
[ERROR] Failed to execute goal org.apache.maven.plugins:maven-compiler-plugin:3.14.1:compile (default-compile) on project backend: Compilation failure: Compilation failure: 
[ERROR] /D:/Adam/projet-architecture-pfa/edupath-ms/backend/src/main/java/com/example/services/AtRiskStudentsService.java:[13,24] implicitly declared classes are not supported in -source 17
[ERROR]   (use -source 25 or higher to enable implicitly declared classes)
[ERROR] /D:/Adam/projet-architecture-pfa/edupath-ms/backend/src/main/java/com/example/services/AtRiskStudentsService.java:[15,19] invalid method declaration; return type required
[ERROR] /D:/Adam/projet-architecture-pfa/edupath-ms/backend/src/main/java/com/example/services/AtRiskStudentsService.java:[1,1] compact source file should not have package declaration
[ERROR] -> [Help 1]
[ERROR] 
[ERROR] To see the full stack trace of the errors, re-run Maven with the -e switch.
[ERROR] Re-run Maven using the -X switch to enable full debug logging.
[ERROR] 
[ERROR] For more information about the errors and possible solutions, please read the following articles:
[ERROR] [Help 1] http://cwiki.apache.org/confluence/display/MAVEN/MojoFailureException
